<?xml version="1.0" encoding="UTF-8"?>
<!-- Generated by org.testng.reporters.JUnitReportReporter -->
<testsuite hostname="INPU-JOSHIA" failures="0" tests="1" name="seleniumClass.EbaySearch" time="7.033" errors="0" timestamp="2021-09-03T08:36:46 IST" skipped="0">
  <testcase classname="seleniumClass.EbaySearch" name="searchProduct" time="7.033"/>
  <system-out/>
</testsuite> <!-- seleniumClass.EbaySearch -->
