<?xml version="1.0" encoding="UTF-8"?>
<!-- Generated by org.testng.reporters.JUnitReportReporter -->
<testsuite skipped="1" hostname="DESKTOP-64JFOAF" name="seleniumClass.EbaySearch" tests="2" failures="0" timestamp="2021-09-09T08:54:11 IST" time="3.111" errors="0">
  <testcase name="clickDailyDeals" time="3.111" classname="seleniumClass.EbaySearch"/>
  <system-out/>
  <testcase name="searchProduct" classname="seleniumClass.EbaySearch">
    <skipped/>
  </testcase> <!-- searchProduct -->
  <system-out/>
</testsuite> <!-- seleniumClass.EbaySearch -->
