<?xml version="1.0" encoding="UTF-8"?>
<!-- Generated by org.testng.reporters.JUnitReportReporter -->
<testsuite skipped="0" hostname="DESKTOP-64JFOAF" name="seleniumClass.FindelementsUsingList" tests="1" failures="0" timestamp="2021-09-14T08:39:25 IST" time="2.719" errors="0">
  <testcase name="list" time="2.719" classname="seleniumClass.FindelementsUsingList"/>
  <system-out/>
</testsuite> <!-- seleniumClass.FindelementsUsingList -->
