<?xml version="1.0" encoding="UTF-8"?>
<!-- Generated by org.testng.reporters.JUnitReportReporter -->
<testsuite hostname="INPU-JOSHIA" failures="0" tests="1" name="seleniumClass.FirstTestCase" time="9.723" errors="0" timestamp="2021-09-01T08:51:07 IST" skipped="0">
  <testcase classname="seleniumClass.FirstTestCase" name="test" time="9.723"/>
  <system-out/>
</testsuite> <!-- seleniumClass.FirstTestCase -->
